2025-04-06 23:22:24.028 [main] INFO  com.thyme.ThymeBootApplication - Starting ThymeBootApplication on WIN-20241213WSP with PID 168284 (C:\ideaProject\jianzhi-github\thyme-boot\target\classes started by Administrator in C:\ideaProject\jianzhi-github)
2025-04-06 23:22:24.041 [main] INFO  com.thyme.ThymeBootApplication - The following profiles are active: dev
2025-04-06 23:22:26.149 [main] INFO  org.springframework.data.repository.config.RepositoryConfigurationDelegate - Multiple Spring Data modules found, entering strict repository configuration mode!
2025-04-06 23:22:26.156 [main] INFO  org.springframework.data.repository.config.RepositoryConfigurationDelegate - Bootstrapping Spring Data repositories in DEFAULT mode.
2025-04-06 23:22:26.316 [main] INFO  org.springframework.data.repository.config.RepositoryConfigurationDelegate - Finished Spring Data repository scanning in 141ms. Found 0 repository interfaces.
2025-04-06 23:22:27.025 [main] INFO  org.springframework.context.support.PostProcessorRegistrationDelegate$BeanPostProcessorChecker - Bean 'redisConfig' of type [com.thyme.system.config.RedisConfig$$EnhancerBySpringCGLIB$$2fe878c2] is not eligible for getting processed by all BeanPostProcessors (for example: not eligible for auto-proxying)
2025-04-06 23:22:27.054 [main] INFO  org.springframework.context.support.PostProcessorRegistrationDelegate$BeanPostProcessorChecker - Bean 'org.springframework.security.config.annotation.configuration.ObjectPostProcessorConfiguration' of type [org.springframework.security.config.annotation.configuration.ObjectPostProcessorConfiguration$$EnhancerBySpringCGLIB$$47d931a5] is not eligible for getting processed by all BeanPostProcessors (for example: not eligible for auto-proxying)
2025-04-06 23:22:27.069 [main] INFO  org.springframework.context.support.PostProcessorRegistrationDelegate$BeanPostProcessorChecker - Bean 'org.springframework.transaction.annotation.ProxyTransactionManagementConfiguration' of type [org.springframework.transaction.annotation.ProxyTransactionManagementConfiguration$$EnhancerBySpringCGLIB$$af2b696b] is not eligible for getting processed by all BeanPostProcessors (for example: not eligible for auto-proxying)
2025-04-06 23:22:27.104 [main] INFO  org.springframework.context.support.PostProcessorRegistrationDelegate$BeanPostProcessorChecker - Bean 'objectPostProcessor' of type [org.springframework.security.config.annotation.configuration.AutowireBeanFactoryObjectPostProcessor] is not eligible for getting processed by all BeanPostProcessors (for example: not eligible for auto-proxying)
2025-04-06 23:22:27.107 [main] INFO  org.springframework.context.support.PostProcessorRegistrationDelegate$BeanPostProcessorChecker - Bean 'org.springframework.security.access.expression.method.DefaultMethodSecurityExpressionHandler@4a833595' of type [org.springframework.security.access.expression.method.DefaultMethodSecurityExpressionHandler] is not eligible for getting processed by all BeanPostProcessors (for example: not eligible for auto-proxying)
2025-04-06 23:22:27.108 [main] INFO  org.springframework.context.support.PostProcessorRegistrationDelegate$BeanPostProcessorChecker - Bean 'org.springframework.security.config.annotation.method.configuration.GlobalMethodSecurityConfiguration' of type [org.springframework.security.config.annotation.method.configuration.GlobalMethodSecurityConfiguration$$EnhancerBySpringCGLIB$$6cadd457] is not eligible for getting processed by all BeanPostProcessors (for example: not eligible for auto-proxying)
2025-04-06 23:22:27.112 [main] INFO  org.springframework.context.support.PostProcessorRegistrationDelegate$BeanPostProcessorChecker - Bean 'methodSecurityMetadataSource' of type [org.springframework.security.access.method.DelegatingMethodSecurityMetadataSource] is not eligible for getting processed by all BeanPostProcessors (for example: not eligible for auto-proxying)
2025-04-06 23:22:28.016 [main] INFO  org.springframework.boot.web.embedded.tomcat.TomcatWebServer - Tomcat initialized with port(s): 8090 (http)
2025-04-06 23:22:28.035 [main] INFO  org.apache.coyote.http11.Http11NioProtocol - Initializing ProtocolHandler ["http-nio-8090"]
2025-04-06 23:22:28.046 [main] INFO  org.apache.catalina.core.StandardService - Starting service [Tomcat]
2025-04-06 23:22:28.047 [main] INFO  org.apache.catalina.core.StandardEngine - Starting Servlet engine: [Apache Tomcat/9.0.19]
2025-04-06 23:22:28.233 [main] INFO  org.apache.catalina.core.ContainerBase.[Tomcat].[localhost].[/] - Initializing Spring embedded WebApplicationContext
2025-04-06 23:22:28.233 [main] INFO  org.springframework.web.context.ContextLoader - Root WebApplicationContext: initialization completed in 4135 ms
2025-04-06 23:22:29.204 [main] INFO  com.alibaba.druid.spring.boot.autoconfigure.DruidDataSourceAutoConfigure - Init DruidDataSource
2025-04-06 23:22:29.512 [main] INFO  com.alibaba.druid.pool.DruidDataSource - {dataSource-1} inited
2025-04-06 23:22:30.667 [main] WARN  com.baomidou.mybatisplus.core.toolkit.TableInfoHelper - Warn: Could not find @TableId in Class: com.thyme.recruit.domain.Notice.
2025-04-06 23:22:31.469 [main] INFO  com.thyme.system.config.filter.XssFilter - 初始化XssFilter过滤器....
2025-04-06 23:22:31.975 [main] WARN  com.baomidou.mybatisplus.core.toolkit.TableInfoHelper - Warn: Could not find @TableId in Class: com.thyme.system.entity.SysMenuRole.
2025-04-06 23:22:32.051 [main] WARN  com.baomidou.mybatisplus.core.toolkit.TableInfoHelper - Warn: Could not find @TableId in Class: com.thyme.system.entity.SysUserRole.
2025-04-06 23:22:32.582 [main] INFO  org.springframework.boot.actuate.endpoint.web.EndpointLinksResolver - Exposing 3 endpoint(s) beneath base path '/actuator'
2025-04-06 23:22:32.731 [main] INFO  springfox.documentation.spring.web.PropertySourcedRequestMappingHandlerMapping - Mapped URL path [/v2/api-docs] onto method [public org.springframework.http.ResponseEntity<springfox.documentation.spring.web.json.Json> springfox.documentation.swagger2.web.Swagger2Controller.getDocumentation(java.lang.String,javax.servlet.http.HttpServletRequest)]
2025-04-06 23:22:32.750 [main] INFO  com.thyme.system.config.RedisConfig - 初始化 -> [Redis CacheErrorHandler]
2025-04-06 23:22:32.961 [main] INFO  org.springframework.security.web.DefaultSecurityFilterChain - Creating filter chain: any request, [org.springframework.security.web.context.request.async.WebAsyncManagerIntegrationFilter@440e2406, org.springframework.security.web.context.SecurityContextPersistenceFilter@7c9015c6, org.springframework.security.web.header.HeaderWriterFilter@2db0dd19, org.springframework.security.web.authentication.logout.LogoutFilter@65c634f2, org.springframework.security.web.savedrequest.RequestCacheAwareFilter@5a9004e1, org.springframework.security.web.servletapi.SecurityContextHolderAwareRequestFilter@490dfe25, org.springframework.security.web.authentication.AnonymousAuthenticationFilter@56adb75e, org.springframework.security.web.session.SessionManagementFilter@315bb2bb, org.springframework.security.web.access.ExceptionTranslationFilter@b91e024, org.springframework.security.web.access.intercept.FilterSecurityInterceptor@53f18591]
2025-04-06 23:22:32.970 [main] INFO  org.springframework.security.web.DefaultSecurityFilterChain - Creating filter chain: any request, [org.springframework.security.web.context.request.async.WebAsyncManagerIntegrationFilter@4bf6bc2d, org.springframework.security.web.context.SecurityContextPersistenceFilter@5d729af6, org.springframework.security.web.header.HeaderWriterFilter@68cc6fa4, org.springframework.security.web.csrf.CsrfFilter@3bd5dff5, org.springframework.security.web.authentication.logout.LogoutFilter@10cf3e4f, org.springframework.security.web.authentication.UsernamePasswordAuthenticationFilter@74727e41, org.springframework.security.web.authentication.ui.DefaultLoginPageGeneratingFilter@df0b348, org.springframework.security.web.authentication.ui.DefaultLogoutPageGeneratingFilter@2c914364, org.springframework.security.web.authentication.www.BasicAuthenticationFilter@78977b59, org.springframework.security.web.savedrequest.RequestCacheAwareFilter@2052c49f, org.springframework.security.web.servletapi.SecurityContextHolderAwareRequestFilter@2be83e7e, org.springframework.security.web.authentication.AnonymousAuthenticationFilter@25c756f0, org.springframework.security.web.session.SessionManagementFilter@484dde7d, org.springframework.security.web.access.ExceptionTranslationFilter@6df605f, org.springframework.security.web.access.intercept.FilterSecurityInterceptor@38816a6c]
2025-04-06 23:22:33.199 [main] INFO  org.springframework.scheduling.concurrent.ThreadPoolTaskExecutor - Initializing ExecutorService 'applicationTaskExecutor'
2025-04-06 23:22:33.425 [main] INFO  org.springframework.boot.autoconfigure.web.servlet.WelcomePageHandlerMapping - Adding welcome page template: index
2025-04-06 23:22:33.998 [main] INFO  io.lettuce.core.EpollProvider - Starting without optional epoll library
2025-04-06 23:22:34.001 [main] INFO  io.lettuce.core.KqueueProvider - Starting without optional kqueue library
2025-04-06 23:22:35.228 [main] INFO  springfox.documentation.spring.web.plugins.DocumentationPluginsBootstrapper - Context refreshed
2025-04-06 23:22:35.269 [main] INFO  springfox.documentation.spring.web.plugins.DocumentationPluginsBootstrapper - Found 1 custom documentation plugin(s)
2025-04-06 23:22:35.355 [main] INFO  springfox.documentation.spring.web.scanners.ApiListingReferenceScanner - Scanning for api listing references
2025-04-06 23:22:35.834 [main] INFO  springfox.documentation.spring.web.readers.operation.CachingOperationNameGenerator - Generating unique operation named: delPositionUsingPOST_1
2025-04-06 23:22:35.845 [main] INFO  springfox.documentation.spring.web.readers.operation.CachingOperationNameGenerator - Generating unique operation named: listFriendUrlUsingGET_1
2025-04-06 23:22:35.855 [main] INFO  springfox.documentation.spring.web.readers.operation.CachingOperationNameGenerator - Generating unique operation named: showPositionUsingGET_1
2025-04-06 23:22:35.869 [main] INFO  springfox.documentation.spring.web.readers.operation.CachingOperationNameGenerator - Generating unique operation named: updatePwdUsingPOST_1
2025-04-06 23:22:35.890 [main] INFO  springfox.documentation.spring.web.readers.operation.CachingOperationNameGenerator - Generating unique operation named: userLoginUsingPOST_1
2025-04-06 23:22:35.902 [main] INFO  springfox.documentation.spring.web.readers.operation.CachingOperationNameGenerator - Generating unique operation named: indexUsingGET_1
2025-04-06 23:22:35.934 [main] INFO  springfox.documentation.spring.web.readers.operation.CachingOperationNameGenerator - Generating unique operation named: addUsingPOST_1
2025-04-06 23:22:35.936 [main] INFO  springfox.documentation.spring.web.readers.operation.CachingOperationNameGenerator - Generating unique operation named: editUsingPUT_1
2025-04-06 23:22:35.940 [main] INFO  springfox.documentation.spring.web.readers.operation.CachingOperationNameGenerator - Generating unique operation named: exportUsingPOST_1
2025-04-06 23:22:35.941 [main] INFO  springfox.documentation.spring.web.readers.operation.CachingOperationNameGenerator - Generating unique operation named: getInfoUsingGET_1
2025-04-06 23:22:35.944 [main] INFO  springfox.documentation.spring.web.readers.operation.CachingOperationNameGenerator - Generating unique operation named: listUsingGET_1
2025-04-06 23:22:35.946 [main] INFO  springfox.documentation.spring.web.readers.operation.CachingOperationNameGenerator - Generating unique operation named: removeUsingDELETE_1
2025-04-06 23:22:35.953 [main] INFO  springfox.documentation.spring.web.readers.operation.CachingOperationNameGenerator - Generating unique operation named: addUsingPOST_2
2025-04-06 23:22:35.955 [main] INFO  springfox.documentation.spring.web.readers.operation.CachingOperationNameGenerator - Generating unique operation named: editUsingPUT_2
2025-04-06 23:22:35.963 [main] INFO  springfox.documentation.spring.web.readers.operation.CachingOperationNameGenerator - Generating unique operation named: exportUsingPOST_2
2025-04-06 23:22:35.966 [main] INFO  springfox.documentation.spring.web.readers.operation.CachingOperationNameGenerator - Generating unique operation named: getInfoUsingGET_2
2025-04-06 23:22:35.969 [main] INFO  springfox.documentation.spring.web.readers.operation.CachingOperationNameGenerator - Generating unique operation named: listUsingGET_2
2025-04-06 23:22:35.970 [main] INFO  springfox.documentation.spring.web.readers.operation.CachingOperationNameGenerator - Generating unique operation named: removeUsingDELETE_2
2025-04-06 23:22:35.974 [main] INFO  springfox.documentation.spring.web.readers.operation.CachingOperationNameGenerator - Generating unique operation named: handleUsingGET_1
2025-04-06 23:22:35.975 [main] INFO  springfox.documentation.spring.web.readers.operation.CachingOperationNameGenerator - Generating unique operation named: handleUsingGET_2
2025-04-06 23:22:35.976 [main] INFO  springfox.documentation.spring.web.readers.operation.CachingOperationNameGenerator - Generating unique operation named: handleUsingGET_3
2025-04-06 23:22:35.978 [main] INFO  springfox.documentation.spring.web.readers.operation.CachingOperationNameGenerator - Generating unique operation named: handleUsingGET_4
2025-04-06 23:22:35.980 [main] INFO  springfox.documentation.spring.web.readers.operation.CachingOperationNameGenerator - Generating unique operation named: addUsingGET_1
2025-04-06 23:22:35.981 [main] INFO  springfox.documentation.spring.web.readers.operation.CachingOperationNameGenerator - Generating unique operation named: indexUsingGET_2
2025-04-06 23:22:35.982 [main] INFO  springfox.documentation.spring.web.readers.operation.CachingOperationNameGenerator - Generating unique operation named: updateUsingGET_1
2025-04-06 23:22:35.998 [main] INFO  springfox.documentation.spring.web.readers.operation.CachingOperationNameGenerator - Generating unique operation named: indexUsingGET_3
2025-04-06 23:22:35.999 [main] INFO  springfox.documentation.spring.web.readers.operation.CachingOperationNameGenerator - Generating unique operation named: getMenulistUsingGET_1
2025-04-06 23:22:36.000 [main] INFO  springfox.documentation.spring.web.readers.operation.CachingOperationNameGenerator - Generating unique operation named: introduceUsingGET_1
2025-04-06 23:22:36.000 [main] INFO  springfox.documentation.spring.web.readers.operation.CachingOperationNameGenerator - Generating unique operation named: introduceUsingHEAD_1
2025-04-06 23:22:36.001 [main] INFO  springfox.documentation.spring.web.readers.operation.CachingOperationNameGenerator - Generating unique operation named: introduceUsingPOST_1
2025-04-06 23:22:36.001 [main] INFO  springfox.documentation.spring.web.readers.operation.CachingOperationNameGenerator - Generating unique operation named: introduceUsingPUT_1
2025-04-06 23:22:36.002 [main] INFO  springfox.documentation.spring.web.readers.operation.CachingOperationNameGenerator - Generating unique operation named: introduceUsingPATCH_1
2025-04-06 23:22:36.002 [main] INFO  springfox.documentation.spring.web.readers.operation.CachingOperationNameGenerator - Generating unique operation named: introduceUsingDELETE_1
2025-04-06 23:22:36.002 [main] INFO  springfox.documentation.spring.web.readers.operation.CachingOperationNameGenerator - Generating unique operation named: introduceUsingOPTIONS_1
2025-04-06 23:22:36.003 [main] INFO  springfox.documentation.spring.web.readers.operation.CachingOperationNameGenerator - Generating unique operation named: introduceUsingTRACE_1
2025-04-06 23:22:36.005 [main] INFO  springfox.documentation.spring.web.readers.operation.CachingOperationNameGenerator - Generating unique operation named: getInfoUsingGET_3
2025-04-06 23:22:36.006 [main] INFO  springfox.documentation.spring.web.readers.operation.CachingOperationNameGenerator - Generating unique operation named: addUsingGET_2
2025-04-06 23:22:36.007 [main] INFO  springfox.documentation.spring.web.readers.operation.CachingOperationNameGenerator - Generating unique operation named: indexUsingGET_4
2025-04-06 23:22:36.009 [main] INFO  springfox.documentation.spring.web.readers.operation.CachingOperationNameGenerator - Generating unique operation named: updateUsingGET_2
2025-04-06 23:22:36.043 [main] INFO  springfox.documentation.spring.web.readers.operation.CachingOperationNameGenerator - Generating unique operation named: indexUsingGET_5
2025-04-06 23:22:36.047 [main] INFO  springfox.documentation.spring.web.readers.operation.CachingOperationNameGenerator - Generating unique operation named: listFriendUrlUsingGET_2
2025-04-06 23:22:36.058 [main] INFO  springfox.documentation.spring.web.readers.operation.CachingOperationNameGenerator - Generating unique operation named: updateUserUsingPOST_1
2025-04-06 23:22:36.067 [main] INFO  springfox.documentation.spring.web.readers.operation.CachingOperationNameGenerator - Generating unique operation named: userLoginUsingPOST_2
2025-04-06 23:22:36.076 [main] INFO  springfox.documentation.spring.web.readers.operation.CachingOperationNameGenerator - Generating unique operation named: addRoleUsingPOST_1
2025-04-06 23:22:36.081 [main] INFO  springfox.documentation.spring.web.readers.operation.CachingOperationNameGenerator - Generating unique operation named: updateRoleUsingPOST_1
2025-04-06 23:22:36.089 [main] INFO  springfox.documentation.spring.web.readers.operation.CachingOperationNameGenerator - Generating unique operation named: addUsingPOST_3
2025-04-06 23:22:36.090 [main] INFO  springfox.documentation.spring.web.readers.operation.CachingOperationNameGenerator - Generating unique operation named: editUsingPUT_3
2025-04-06 23:22:36.094 [main] INFO  springfox.documentation.spring.web.readers.operation.CachingOperationNameGenerator - Generating unique operation named: exportUsingPOST_3
2025-04-06 23:22:36.095 [main] INFO  springfox.documentation.spring.web.readers.operation.CachingOperationNameGenerator - Generating unique operation named: getInfoUsingGET_4
2025-04-06 23:22:36.097 [main] INFO  springfox.documentation.spring.web.readers.operation.CachingOperationNameGenerator - Generating unique operation named: removeUsingDELETE_3
2025-04-06 23:22:36.721 [main] INFO  org.springframework.scheduling.annotation.ScheduledAnnotationBeanPostProcessor - No TaskScheduler/ScheduledExecutorService bean found for scheduled processing
2025-04-06 23:22:36.732 [main] INFO  org.apache.coyote.http11.Http11NioProtocol - Starting ProtocolHandler ["http-nio-8090"]
2025-04-06 23:22:36.750 [main] INFO  org.springframework.boot.web.embedded.tomcat.TomcatWebServer - Tomcat started on port(s): 8090 (http) with context path ''
2025-04-06 23:22:36.754 [main] INFO  com.thyme.ThymeBootApplication - Started ThymeBootApplication in 13.408 seconds (JVM running for 14.516)
