2025-04-16 18:55:44.273 [main] INFO  com.thyme.ThymeBootApplication - Starting ThymeBootApplication on WIN-20241213WSP with PID 18784 (started by Administrator in C:\Users\Administrator\Documents\WeChat Files\kiok1210\FileStorage\File\2025-04\jianzhi-github)
2025-04-16 18:55:44.287 [main] INFO  com.thyme.ThymeBootApplication - The following profiles are active: dev
2025-04-16 18:55:46.060 [main] INFO  org.springframework.data.repository.config.RepositoryConfigurationDelegate - Multiple Spring Data modules found, entering strict repository configuration mode!
2025-04-16 18:55:46.065 [main] INFO  org.springframework.data.repository.config.RepositoryConfigurationDelegate - Bootstrapping Spring Data repositories in DEFAULT mode.
2025-04-16 18:55:46.206 [main] INFO  org.springframework.data.repository.config.RepositoryConfigurationDelegate - Finished Spring Data repository scanning in 125ms. Found 0 repository interfaces.
2025-04-16 18:55:46.820 [main] INFO  org.springframework.context.support.PostProcessorRegistrationDelegate$BeanPostProcessorChecker - Bean 'redisConfig' of type [com.thyme.system.config.RedisConfig$$EnhancerBySpringCGLIB$$b5ec9073] is not eligible for getting processed by all BeanPostProcessors (for example: not eligible for auto-proxying)
2025-04-16 18:55:46.846 [main] INFO  org.springframework.context.support.PostProcessorRegistrationDelegate$BeanPostProcessorChecker - Bean 'org.springframework.security.config.annotation.configuration.ObjectPostProcessorConfiguration' of type [org.springframework.security.config.annotation.configuration.ObjectPostProcessorConfiguration$$EnhancerBySpringCGLIB$$cddd4956] is not eligible for getting processed by all BeanPostProcessors (for example: not eligible for auto-proxying)
2025-04-16 18:55:46.859 [main] INFO  org.springframework.context.support.PostProcessorRegistrationDelegate$BeanPostProcessorChecker - Bean 'org.springframework.transaction.annotation.ProxyTransactionManagementConfiguration' of type [org.springframework.transaction.annotation.ProxyTransactionManagementConfiguration$$EnhancerBySpringCGLIB$$352f811c] is not eligible for getting processed by all BeanPostProcessors (for example: not eligible for auto-proxying)
2025-04-16 18:55:46.886 [main] INFO  org.springframework.context.support.PostProcessorRegistrationDelegate$BeanPostProcessorChecker - Bean 'objectPostProcessor' of type [org.springframework.security.config.annotation.configuration.AutowireBeanFactoryObjectPostProcessor] is not eligible for getting processed by all BeanPostProcessors (for example: not eligible for auto-proxying)
2025-04-16 18:55:46.888 [main] INFO  org.springframework.context.support.PostProcessorRegistrationDelegate$BeanPostProcessorChecker - Bean 'org.springframework.security.access.expression.method.DefaultMethodSecurityExpressionHandler@1ba35152' of type [org.springframework.security.access.expression.method.DefaultMethodSecurityExpressionHandler] is not eligible for getting processed by all BeanPostProcessors (for example: not eligible for auto-proxying)
2025-04-16 18:55:46.889 [main] INFO  org.springframework.context.support.PostProcessorRegistrationDelegate$BeanPostProcessorChecker - Bean 'org.springframework.security.config.annotation.method.configuration.GlobalMethodSecurityConfiguration' of type [org.springframework.security.config.annotation.method.configuration.GlobalMethodSecurityConfiguration$$EnhancerBySpringCGLIB$$f2b1ec08] is not eligible for getting processed by all BeanPostProcessors (for example: not eligible for auto-proxying)
2025-04-16 18:55:46.893 [main] INFO  org.springframework.context.support.PostProcessorRegistrationDelegate$BeanPostProcessorChecker - Bean 'methodSecurityMetadataSource' of type [org.springframework.security.access.method.DelegatingMethodSecurityMetadataSource] is not eligible for getting processed by all BeanPostProcessors (for example: not eligible for auto-proxying)
2025-04-16 18:55:47.496 [main] INFO  org.springframework.boot.web.embedded.tomcat.TomcatWebServer - Tomcat initialized with port(s): 8084 (http)
2025-04-16 18:55:47.513 [main] INFO  org.apache.coyote.http11.Http11NioProtocol - Initializing ProtocolHandler ["http-nio-8084"]
2025-04-16 18:55:47.525 [main] INFO  org.apache.catalina.core.StandardService - Starting service [Tomcat]
2025-04-16 18:55:47.526 [main] INFO  org.apache.catalina.core.StandardEngine - Starting Servlet engine: [Apache Tomcat/9.0.19]
2025-04-16 18:55:47.708 [main] INFO  org.apache.catalina.core.ContainerBase.[Tomcat].[localhost].[/] - Initializing Spring embedded WebApplicationContext
2025-04-16 18:55:47.708 [main] INFO  org.springframework.web.context.ContextLoader - Root WebApplicationContext: initialization completed in 3371 ms
2025-04-16 18:55:48.627 [main] INFO  com.alibaba.druid.spring.boot.autoconfigure.DruidDataSourceAutoConfigure - Init DruidDataSource
2025-04-16 18:55:48.911 [main] INFO  com.alibaba.druid.pool.DruidDataSource - {dataSource-1} inited
2025-04-16 18:55:49.941 [main] WARN  com.baomidou.mybatisplus.core.toolkit.TableInfoHelper - Warn: Could not find @TableId in Class: com.thyme.recruit.domain.Notice.
2025-04-16 18:55:50.683 [main] INFO  com.thyme.system.config.filter.XssFilter - 初始化XssFilter过滤器....
2025-04-16 18:55:51.157 [main] WARN  com.baomidou.mybatisplus.core.toolkit.TableInfoHelper - Warn: Could not find @TableId in Class: com.thyme.system.entity.SysMenuRole.
2025-04-16 18:55:51.214 [main] WARN  com.baomidou.mybatisplus.core.toolkit.TableInfoHelper - Warn: Could not find @TableId in Class: com.thyme.system.entity.SysUserRole.
2025-04-16 18:55:51.703 [main] INFO  org.springframework.boot.actuate.endpoint.web.EndpointLinksResolver - Exposing 3 endpoint(s) beneath base path '/actuator'
2025-04-16 18:55:51.836 [main] INFO  springfox.documentation.spring.web.PropertySourcedRequestMappingHandlerMapping - Mapped URL path [/v2/api-docs] onto method [public org.springframework.http.ResponseEntity<springfox.documentation.spring.web.json.Json> springfox.documentation.swagger2.web.Swagger2Controller.getDocumentation(java.lang.String,javax.servlet.http.HttpServletRequest)]
2025-04-16 18:55:51.856 [main] INFO  com.thyme.system.config.RedisConfig - 初始化 -> [Redis CacheErrorHandler]
2025-04-16 18:55:52.008 [main] INFO  org.springframework.security.web.DefaultSecurityFilterChain - Creating filter chain: any request, [org.springframework.security.web.context.request.async.WebAsyncManagerIntegrationFilter@3181fbe7, org.springframework.security.web.context.SecurityContextPersistenceFilter@683218c8, org.springframework.security.web.header.HeaderWriterFilter@7e584f3c, org.springframework.security.web.authentication.logout.LogoutFilter@3d41449a, org.springframework.security.web.savedrequest.RequestCacheAwareFilter@345f4e0d, org.springframework.security.web.servletapi.SecurityContextHolderAwareRequestFilter@79bb14d8, org.springframework.security.web.authentication.AnonymousAuthenticationFilter@c8e99, org.springframework.security.web.session.SessionManagementFilter@72cf159f, org.springframework.security.web.access.ExceptionTranslationFilter@441d3ddf, org.springframework.security.web.access.intercept.FilterSecurityInterceptor@437a4e61]
2025-04-16 18:55:52.019 [main] INFO  org.springframework.security.web.DefaultSecurityFilterChain - Creating filter chain: any request, [org.springframework.security.web.context.request.async.WebAsyncManagerIntegrationFilter@4c25687b, org.springframework.security.web.context.SecurityContextPersistenceFilter@130a99fe, org.springframework.security.web.header.HeaderWriterFilter@68c05c5b, org.springframework.security.web.csrf.CsrfFilter@23657729, org.springframework.security.web.authentication.logout.LogoutFilter@475753dd, org.springframework.security.web.authentication.UsernamePasswordAuthenticationFilter@73ac7716, org.springframework.security.web.authentication.ui.DefaultLoginPageGeneratingFilter@33c5e52f, org.springframework.security.web.authentication.ui.DefaultLogoutPageGeneratingFilter@5c21b22e, org.springframework.security.web.authentication.www.BasicAuthenticationFilter@7dbc77ca, org.springframework.security.web.savedrequest.RequestCacheAwareFilter@31773d5b, org.springframework.security.web.servletapi.SecurityContextHolderAwareRequestFilter@5bbf8daa, org.springframework.security.web.authentication.AnonymousAuthenticationFilter@184e5c44, org.springframework.security.web.session.SessionManagementFilter@1b5e6983, org.springframework.security.web.access.ExceptionTranslationFilter@365291bd, org.springframework.security.web.access.intercept.FilterSecurityInterceptor@7be9582e]
2025-04-16 18:55:52.236 [main] INFO  org.springframework.scheduling.concurrent.ThreadPoolTaskExecutor - Initializing ExecutorService 'applicationTaskExecutor'
2025-04-16 18:55:52.468 [main] INFO  org.springframework.boot.autoconfigure.web.servlet.WelcomePageHandlerMapping - Adding welcome page template: index
2025-04-16 18:55:52.960 [main] INFO  io.lettuce.core.EpollProvider - Starting without optional epoll library
2025-04-16 18:55:52.962 [main] INFO  io.lettuce.core.KqueueProvider - Starting without optional kqueue library
2025-04-16 18:55:53.938 [main] INFO  springfox.documentation.spring.web.plugins.DocumentationPluginsBootstrapper - Context refreshed
2025-04-16 18:55:53.985 [main] INFO  springfox.documentation.spring.web.plugins.DocumentationPluginsBootstrapper - Found 1 custom documentation plugin(s)
2025-04-16 18:55:54.033 [main] INFO  springfox.documentation.spring.web.scanners.ApiListingReferenceScanner - Scanning for api listing references
2025-04-16 18:55:54.563 [main] INFO  springfox.documentation.spring.web.readers.operation.CachingOperationNameGenerator - Generating unique operation named: delPositionUsingPOST_1
2025-04-16 18:55:54.577 [main] INFO  springfox.documentation.spring.web.readers.operation.CachingOperationNameGenerator - Generating unique operation named: listFriendUrlUsingGET_1
2025-04-16 18:55:54.588 [main] INFO  springfox.documentation.spring.web.readers.operation.CachingOperationNameGenerator - Generating unique operation named: showPositionUsingGET_1
2025-04-16 18:55:54.599 [main] INFO  springfox.documentation.spring.web.readers.operation.CachingOperationNameGenerator - Generating unique operation named: updatePwdUsingPOST_1
2025-04-16 18:55:54.618 [main] INFO  springfox.documentation.spring.web.readers.operation.CachingOperationNameGenerator - Generating unique operation named: userLoginUsingPOST_1
2025-04-16 18:55:54.625 [main] INFO  springfox.documentation.spring.web.readers.operation.CachingOperationNameGenerator - Generating unique operation named: indexUsingGET_1
2025-04-16 18:55:54.644 [main] INFO  springfox.documentation.spring.web.readers.operation.CachingOperationNameGenerator - Generating unique operation named: exportUsingPOST_1
2025-04-16 18:55:54.665 [main] INFO  springfox.documentation.spring.web.readers.operation.CachingOperationNameGenerator - Generating unique operation named: exportUsingPOST_2
2025-04-16 18:55:54.666 [main] INFO  springfox.documentation.spring.web.readers.operation.CachingOperationNameGenerator - Generating unique operation named: getInfoUsingGET_1
2025-04-16 18:55:54.670 [main] INFO  springfox.documentation.spring.web.readers.operation.CachingOperationNameGenerator - Generating unique operation named: listUsingGET_1
2025-04-16 18:55:54.675 [main] INFO  springfox.documentation.spring.web.readers.operation.CachingOperationNameGenerator - Generating unique operation named: handleUsingGET_1
2025-04-16 18:55:54.676 [main] INFO  springfox.documentation.spring.web.readers.operation.CachingOperationNameGenerator - Generating unique operation named: handleUsingGET_2
2025-04-16 18:55:54.677 [main] INFO  springfox.documentation.spring.web.readers.operation.CachingOperationNameGenerator - Generating unique operation named: handleUsingGET_3
2025-04-16 18:55:54.678 [main] INFO  springfox.documentation.spring.web.readers.operation.CachingOperationNameGenerator - Generating unique operation named: handleUsingGET_4
2025-04-16 18:55:54.679 [main] INFO  springfox.documentation.spring.web.readers.operation.CachingOperationNameGenerator - Generating unique operation named: addUsingGET_1
2025-04-16 18:55:54.680 [main] INFO  springfox.documentation.spring.web.readers.operation.CachingOperationNameGenerator - Generating unique operation named: indexUsingGET_2
2025-04-16 18:55:54.681 [main] INFO  springfox.documentation.spring.web.readers.operation.CachingOperationNameGenerator - Generating unique operation named: updateUsingGET_1
2025-04-16 18:55:54.694 [main] INFO  springfox.documentation.spring.web.readers.operation.CachingOperationNameGenerator - Generating unique operation named: indexUsingGET_3
2025-04-16 18:55:54.696 [main] INFO  springfox.documentation.spring.web.readers.operation.CachingOperationNameGenerator - Generating unique operation named: getMenulistUsingGET_1
2025-04-16 18:55:54.696 [main] INFO  springfox.documentation.spring.web.readers.operation.CachingOperationNameGenerator - Generating unique operation named: introduceUsingGET_1
2025-04-16 18:55:54.697 [main] INFO  springfox.documentation.spring.web.readers.operation.CachingOperationNameGenerator - Generating unique operation named: introduceUsingHEAD_1
2025-04-16 18:55:54.697 [main] INFO  springfox.documentation.spring.web.readers.operation.CachingOperationNameGenerator - Generating unique operation named: introduceUsingPOST_1
2025-04-16 18:55:54.697 [main] INFO  springfox.documentation.spring.web.readers.operation.CachingOperationNameGenerator - Generating unique operation named: introduceUsingPUT_1
2025-04-16 18:55:54.698 [main] INFO  springfox.documentation.spring.web.readers.operation.CachingOperationNameGenerator - Generating unique operation named: introduceUsingPATCH_1
2025-04-16 18:55:54.698 [main] INFO  springfox.documentation.spring.web.readers.operation.CachingOperationNameGenerator - Generating unique operation named: introduceUsingDELETE_1
2025-04-16 18:55:54.698 [main] INFO  springfox.documentation.spring.web.readers.operation.CachingOperationNameGenerator - Generating unique operation named: introduceUsingOPTIONS_1
2025-04-16 18:55:54.699 [main] INFO  springfox.documentation.spring.web.readers.operation.CachingOperationNameGenerator - Generating unique operation named: introduceUsingTRACE_1
2025-04-16 18:55:54.702 [main] INFO  springfox.documentation.spring.web.readers.operation.CachingOperationNameGenerator - Generating unique operation named: getInfoUsingGET_2
2025-04-16 18:55:54.703 [main] INFO  springfox.documentation.spring.web.readers.operation.CachingOperationNameGenerator - Generating unique operation named: addUsingGET_2
2025-04-16 18:55:54.705 [main] INFO  springfox.documentation.spring.web.readers.operation.CachingOperationNameGenerator - Generating unique operation named: indexUsingGET_4
2025-04-16 18:55:54.706 [main] INFO  springfox.documentation.spring.web.readers.operation.CachingOperationNameGenerator - Generating unique operation named: updateUsingGET_2
2025-04-16 18:55:54.740 [main] INFO  springfox.documentation.spring.web.readers.operation.CachingOperationNameGenerator - Generating unique operation named: indexUsingGET_5
2025-04-16 18:55:54.745 [main] INFO  springfox.documentation.spring.web.readers.operation.CachingOperationNameGenerator - Generating unique operation named: listFriendUrlUsingGET_2
2025-04-16 18:55:54.758 [main] INFO  springfox.documentation.spring.web.readers.operation.CachingOperationNameGenerator - Generating unique operation named: updateUserUsingPOST_1
2025-04-16 18:55:54.766 [main] INFO  springfox.documentation.spring.web.readers.operation.CachingOperationNameGenerator - Generating unique operation named: userLoginUsingPOST_2
2025-04-16 18:55:54.776 [main] INFO  springfox.documentation.spring.web.readers.operation.CachingOperationNameGenerator - Generating unique operation named: addRoleUsingPOST_1
2025-04-16 18:55:54.781 [main] INFO  springfox.documentation.spring.web.readers.operation.CachingOperationNameGenerator - Generating unique operation named: updateRoleUsingPOST_1
2025-04-16 18:55:54.792 [main] INFO  springfox.documentation.spring.web.readers.operation.CachingOperationNameGenerator - Generating unique operation named: exportUsingPOST_3
2025-04-16 18:55:55.439 [main] INFO  org.springframework.scheduling.annotation.ScheduledAnnotationBeanPostProcessor - No TaskScheduler/ScheduledExecutorService bean found for scheduled processing
2025-04-16 18:55:55.449 [main] INFO  org.apache.coyote.http11.Http11NioProtocol - Starting ProtocolHandler ["http-nio-8084"]
2025-04-16 18:55:55.466 [main] INFO  org.springframework.boot.web.embedded.tomcat.TomcatWebServer - Tomcat started on port(s): 8084 (http) with context path ''
2025-04-16 18:55:55.468 [main] INFO  com.thyme.ThymeBootApplication - Started ThymeBootApplication in 11.825 seconds (JVM running for 12.825)
2025-04-16 18:56:04.172 [http-nio-8084-exec-2] INFO  org.apache.catalina.core.ContainerBase.[Tomcat].[localhost].[/] - Initializing Spring DispatcherServlet 'dispatcherServlet'
2025-04-16 18:56:04.172 [http-nio-8084-exec-2] INFO  org.springframework.web.servlet.DispatcherServlet - Initializing Servlet 'dispatcherServlet'
2025-04-16 18:56:04.184 [http-nio-8084-exec-2] INFO  org.springframework.web.servlet.DispatcherServlet - Completed initialization in 12 ms
