2025-03-31 21:15:20.065 [main] INFO  com.thyme.ThymeBootApplication - Starting ThymeBootApplication on WIN-20241213WSP with PID 102264 (C:\ideaProject\jianzhi-github\thyme-boot\target\classes started by Administrator in C:\ideaProject\jianzhi-github)
2025-03-31 21:15:20.076 [main] INFO  com.thyme.ThymeBootApplication - The following profiles are active: dev
2025-03-31 21:15:21.768 [main] INFO  org.springframework.data.repository.config.RepositoryConfigurationDelegate - Multiple Spring Data modules found, entering strict repository configuration mode!
2025-03-31 21:15:21.773 [main] INFO  org.springframework.data.repository.config.RepositoryConfigurationDelegate - Bootstrapping Spring Data repositories in DEFAULT mode.
2025-03-31 21:15:21.903 [main] INFO  org.springframework.data.repository.config.RepositoryConfigurationDelegate - Finished Spring Data repository scanning in 115ms. Found 0 repository interfaces.
2025-03-31 21:15:22.499 [main] INFO  org.springframework.context.support.PostProcessorRegistrationDelegate$BeanPostProcessorChecker - Bean 'redisConfig' of type [com.thyme.system.config.RedisConfig$$EnhancerBySpringCGLIB$$43ff2a88] is not eligible for getting processed by all BeanPostProcessors (for example: not eligible for auto-proxying)
2025-03-31 21:15:22.532 [main] INFO  org.springframework.context.support.PostProcessorRegistrationDelegate$BeanPostProcessorChecker - Bean 'org.springframework.security.config.annotation.configuration.ObjectPostProcessorConfiguration' of type [org.springframework.security.config.annotation.configuration.ObjectPostProcessorConfiguration$$EnhancerBySpringCGLIB$$5befe36b] is not eligible for getting processed by all BeanPostProcessors (for example: not eligible for auto-proxying)
2025-03-31 21:15:22.544 [main] INFO  org.springframework.context.support.PostProcessorRegistrationDelegate$BeanPostProcessorChecker - Bean 'org.springframework.transaction.annotation.ProxyTransactionManagementConfiguration' of type [org.springframework.transaction.annotation.ProxyTransactionManagementConfiguration$$EnhancerBySpringCGLIB$$c3421b31] is not eligible for getting processed by all BeanPostProcessors (for example: not eligible for auto-proxying)
2025-03-31 21:15:22.573 [main] INFO  org.springframework.context.support.PostProcessorRegistrationDelegate$BeanPostProcessorChecker - Bean 'objectPostProcessor' of type [org.springframework.security.config.annotation.configuration.AutowireBeanFactoryObjectPostProcessor] is not eligible for getting processed by all BeanPostProcessors (for example: not eligible for auto-proxying)
2025-03-31 21:15:22.575 [main] INFO  org.springframework.context.support.PostProcessorRegistrationDelegate$BeanPostProcessorChecker - Bean 'org.springframework.security.access.expression.method.DefaultMethodSecurityExpressionHandler@1eb906f3' of type [org.springframework.security.access.expression.method.DefaultMethodSecurityExpressionHandler] is not eligible for getting processed by all BeanPostProcessors (for example: not eligible for auto-proxying)
2025-03-31 21:15:22.576 [main] INFO  org.springframework.context.support.PostProcessorRegistrationDelegate$BeanPostProcessorChecker - Bean 'org.springframework.security.config.annotation.method.configuration.GlobalMethodSecurityConfiguration' of type [org.springframework.security.config.annotation.method.configuration.GlobalMethodSecurityConfiguration$$EnhancerBySpringCGLIB$$80c4861d] is not eligible for getting processed by all BeanPostProcessors (for example: not eligible for auto-proxying)
2025-03-31 21:15:22.580 [main] INFO  org.springframework.context.support.PostProcessorRegistrationDelegate$BeanPostProcessorChecker - Bean 'methodSecurityMetadataSource' of type [org.springframework.security.access.method.DelegatingMethodSecurityMetadataSource] is not eligible for getting processed by all BeanPostProcessors (for example: not eligible for auto-proxying)
2025-03-31 21:15:23.321 [main] INFO  org.springframework.boot.web.embedded.tomcat.TomcatWebServer - Tomcat initialized with port(s): 8090 (http)
2025-03-31 21:15:23.340 [main] INFO  org.apache.coyote.http11.Http11NioProtocol - Initializing ProtocolHandler ["http-nio-8090"]
2025-03-31 21:15:23.351 [main] INFO  org.apache.catalina.core.StandardService - Starting service [Tomcat]
2025-03-31 21:15:23.351 [main] INFO  org.apache.catalina.core.StandardEngine - Starting Servlet engine: [Apache Tomcat/9.0.19]
2025-03-31 21:15:23.530 [main] INFO  org.apache.catalina.core.ContainerBase.[Tomcat].[localhost].[/] - Initializing Spring embedded WebApplicationContext
2025-03-31 21:15:23.530 [main] INFO  org.springframework.web.context.ContextLoader - Root WebApplicationContext: initialization completed in 3406 ms
2025-03-31 21:15:24.523 [main] INFO  com.alibaba.druid.spring.boot.autoconfigure.DruidDataSourceAutoConfigure - Init DruidDataSource
2025-03-31 21:15:24.795 [main] INFO  com.alibaba.druid.pool.DruidDataSource - {dataSource-1} inited
2025-03-31 21:15:25.852 [main] WARN  com.baomidou.mybatisplus.core.toolkit.TableInfoHelper - Warn: Could not find @TableId in Class: com.thyme.recruit.domain.Notice.
2025-03-31 21:15:26.558 [main] INFO  com.thyme.system.config.filter.XssFilter - 初始化XssFilter过滤器....
2025-03-31 21:15:26.958 [main] WARN  com.baomidou.mybatisplus.core.toolkit.TableInfoHelper - Warn: Could not find @TableId in Class: com.thyme.system.entity.SysMenuRole.
2025-03-31 21:15:27.025 [main] WARN  com.baomidou.mybatisplus.core.toolkit.TableInfoHelper - Warn: Could not find @TableId in Class: com.thyme.system.entity.SysUserRole.
2025-03-31 21:15:27.451 [main] INFO  org.springframework.boot.actuate.endpoint.web.EndpointLinksResolver - Exposing 3 endpoint(s) beneath base path '/actuator'
2025-03-31 21:15:27.585 [main] INFO  springfox.documentation.spring.web.PropertySourcedRequestMappingHandlerMapping - Mapped URL path [/v2/api-docs] onto method [public org.springframework.http.ResponseEntity<springfox.documentation.spring.web.json.Json> springfox.documentation.swagger2.web.Swagger2Controller.getDocumentation(java.lang.String,javax.servlet.http.HttpServletRequest)]
2025-03-31 21:15:27.602 [main] INFO  com.thyme.system.config.RedisConfig - 初始化 -> [Redis CacheErrorHandler]
2025-03-31 21:15:27.754 [main] INFO  org.springframework.security.web.DefaultSecurityFilterChain - Creating filter chain: any request, [org.springframework.security.web.context.request.async.WebAsyncManagerIntegrationFilter@20183e2d, org.springframework.security.web.context.SecurityContextPersistenceFilter@308f18c0, org.springframework.security.web.header.HeaderWriterFilter@7d8c264, org.springframework.security.web.authentication.logout.LogoutFilter@12544a50, org.springframework.security.web.savedrequest.RequestCacheAwareFilter@47e89fed, org.springframework.security.web.servletapi.SecurityContextHolderAwareRequestFilter@68b4e7b5, org.springframework.security.web.authentication.AnonymousAuthenticationFilter@6203f10f, org.springframework.security.web.session.SessionManagementFilter@7479cdf7, org.springframework.security.web.access.ExceptionTranslationFilter@234adbe2, org.springframework.security.web.access.intercept.FilterSecurityInterceptor@72b60be8]
2025-03-31 21:15:27.767 [main] INFO  org.springframework.security.web.DefaultSecurityFilterChain - Creating filter chain: any request, [org.springframework.security.web.context.request.async.WebAsyncManagerIntegrationFilter@24c7b944, org.springframework.security.web.context.SecurityContextPersistenceFilter@7786c2e0, org.springframework.security.web.header.HeaderWriterFilter@c50d1b2, org.springframework.security.web.csrf.CsrfFilter@55f29d39, org.springframework.security.web.authentication.logout.LogoutFilter@e8ce5b1, org.springframework.security.web.authentication.UsernamePasswordAuthenticationFilter@6101fd7d, org.springframework.security.web.authentication.ui.DefaultLoginPageGeneratingFilter@41f3f64, org.springframework.security.web.authentication.ui.DefaultLogoutPageGeneratingFilter@4a4352b4, org.springframework.security.web.authentication.www.BasicAuthenticationFilter@60773809, org.springframework.security.web.savedrequest.RequestCacheAwareFilter@5c940e28, org.springframework.security.web.servletapi.SecurityContextHolderAwareRequestFilter@56c39949, org.springframework.security.web.authentication.AnonymousAuthenticationFilter@540ac21e, org.springframework.security.web.session.SessionManagementFilter@365c8a47, org.springframework.security.web.access.ExceptionTranslationFilter@3423f353, org.springframework.security.web.access.intercept.FilterSecurityInterceptor@d3929ba]
2025-03-31 21:15:27.987 [main] INFO  org.springframework.scheduling.concurrent.ThreadPoolTaskExecutor - Initializing ExecutorService 'applicationTaskExecutor'
2025-03-31 21:15:28.216 [main] INFO  org.springframework.boot.autoconfigure.web.servlet.WelcomePageHandlerMapping - Adding welcome page template: index
2025-03-31 21:15:28.692 [main] INFO  io.lettuce.core.EpollProvider - Starting without optional epoll library
2025-03-31 21:15:28.695 [main] INFO  io.lettuce.core.KqueueProvider - Starting without optional kqueue library
2025-03-31 21:15:29.810 [main] INFO  springfox.documentation.spring.web.plugins.DocumentationPluginsBootstrapper - Context refreshed
2025-03-31 21:15:29.850 [main] INFO  springfox.documentation.spring.web.plugins.DocumentationPluginsBootstrapper - Found 1 custom documentation plugin(s)
2025-03-31 21:15:29.913 [main] INFO  springfox.documentation.spring.web.scanners.ApiListingReferenceScanner - Scanning for api listing references
2025-03-31 21:15:30.296 [main] INFO  springfox.documentation.spring.web.readers.operation.CachingOperationNameGenerator - Generating unique operation named: delPositionUsingPOST_1
2025-03-31 21:15:30.311 [main] INFO  springfox.documentation.spring.web.readers.operation.CachingOperationNameGenerator - Generating unique operation named: listFriendUrlUsingGET_1
2025-03-31 21:15:30.321 [main] INFO  springfox.documentation.spring.web.readers.operation.CachingOperationNameGenerator - Generating unique operation named: showPositionUsingGET_1
2025-03-31 21:15:30.331 [main] INFO  springfox.documentation.spring.web.readers.operation.CachingOperationNameGenerator - Generating unique operation named: updatePwdUsingPOST_1
2025-03-31 21:15:30.348 [main] INFO  springfox.documentation.spring.web.readers.operation.CachingOperationNameGenerator - Generating unique operation named: userLoginUsingPOST_1
2025-03-31 21:15:30.355 [main] INFO  springfox.documentation.spring.web.readers.operation.CachingOperationNameGenerator - Generating unique operation named: indexUsingGET_1
2025-03-31 21:15:30.396 [main] INFO  springfox.documentation.spring.web.readers.operation.CachingOperationNameGenerator - Generating unique operation named: addUsingPOST_1
2025-03-31 21:15:30.397 [main] INFO  springfox.documentation.spring.web.readers.operation.CachingOperationNameGenerator - Generating unique operation named: editUsingPUT_1
2025-03-31 21:15:30.401 [main] INFO  springfox.documentation.spring.web.readers.operation.CachingOperationNameGenerator - Generating unique operation named: exportUsingPOST_1
2025-03-31 21:15:30.402 [main] INFO  springfox.documentation.spring.web.readers.operation.CachingOperationNameGenerator - Generating unique operation named: getInfoUsingGET_1
2025-03-31 21:15:30.403 [main] INFO  springfox.documentation.spring.web.readers.operation.CachingOperationNameGenerator - Generating unique operation named: listUsingGET_1
2025-03-31 21:15:30.404 [main] INFO  springfox.documentation.spring.web.readers.operation.CachingOperationNameGenerator - Generating unique operation named: removeUsingDELETE_1
2025-03-31 21:15:30.408 [main] INFO  springfox.documentation.spring.web.readers.operation.CachingOperationNameGenerator - Generating unique operation named: addUsingPOST_2
2025-03-31 21:15:30.409 [main] INFO  springfox.documentation.spring.web.readers.operation.CachingOperationNameGenerator - Generating unique operation named: editUsingPUT_2
2025-03-31 21:15:30.413 [main] INFO  springfox.documentation.spring.web.readers.operation.CachingOperationNameGenerator - Generating unique operation named: exportUsingPOST_2
2025-03-31 21:15:30.414 [main] INFO  springfox.documentation.spring.web.readers.operation.CachingOperationNameGenerator - Generating unique operation named: getInfoUsingGET_2
2025-03-31 21:15:30.416 [main] INFO  springfox.documentation.spring.web.readers.operation.CachingOperationNameGenerator - Generating unique operation named: listUsingGET_2
2025-03-31 21:15:30.418 [main] INFO  springfox.documentation.spring.web.readers.operation.CachingOperationNameGenerator - Generating unique operation named: removeUsingDELETE_2
2025-03-31 21:15:30.422 [main] INFO  springfox.documentation.spring.web.readers.operation.CachingOperationNameGenerator - Generating unique operation named: handleUsingGET_1
2025-03-31 21:15:30.424 [main] INFO  springfox.documentation.spring.web.readers.operation.CachingOperationNameGenerator - Generating unique operation named: handleUsingGET_2
2025-03-31 21:15:30.425 [main] INFO  springfox.documentation.spring.web.readers.operation.CachingOperationNameGenerator - Generating unique operation named: handleUsingGET_3
2025-03-31 21:15:30.427 [main] INFO  springfox.documentation.spring.web.readers.operation.CachingOperationNameGenerator - Generating unique operation named: handleUsingGET_4
2025-03-31 21:15:30.429 [main] INFO  springfox.documentation.spring.web.readers.operation.CachingOperationNameGenerator - Generating unique operation named: addUsingGET_1
2025-03-31 21:15:30.430 [main] INFO  springfox.documentation.spring.web.readers.operation.CachingOperationNameGenerator - Generating unique operation named: indexUsingGET_2
2025-03-31 21:15:30.432 [main] INFO  springfox.documentation.spring.web.readers.operation.CachingOperationNameGenerator - Generating unique operation named: updateUsingGET_1
2025-03-31 21:15:30.450 [main] INFO  springfox.documentation.spring.web.readers.operation.CachingOperationNameGenerator - Generating unique operation named: indexUsingGET_3
2025-03-31 21:15:30.451 [main] INFO  springfox.documentation.spring.web.readers.operation.CachingOperationNameGenerator - Generating unique operation named: getMenulistUsingGET_1
2025-03-31 21:15:30.452 [main] INFO  springfox.documentation.spring.web.readers.operation.CachingOperationNameGenerator - Generating unique operation named: introduceUsingGET_1
2025-03-31 21:15:30.452 [main] INFO  springfox.documentation.spring.web.readers.operation.CachingOperationNameGenerator - Generating unique operation named: introduceUsingHEAD_1
2025-03-31 21:15:30.452 [main] INFO  springfox.documentation.spring.web.readers.operation.CachingOperationNameGenerator - Generating unique operation named: introduceUsingPOST_1
2025-03-31 21:15:30.453 [main] INFO  springfox.documentation.spring.web.readers.operation.CachingOperationNameGenerator - Generating unique operation named: introduceUsingPUT_1
2025-03-31 21:15:30.453 [main] INFO  springfox.documentation.spring.web.readers.operation.CachingOperationNameGenerator - Generating unique operation named: introduceUsingPATCH_1
2025-03-31 21:15:30.453 [main] INFO  springfox.documentation.spring.web.readers.operation.CachingOperationNameGenerator - Generating unique operation named: introduceUsingDELETE_1
2025-03-31 21:15:30.454 [main] INFO  springfox.documentation.spring.web.readers.operation.CachingOperationNameGenerator - Generating unique operation named: introduceUsingOPTIONS_1
2025-03-31 21:15:30.454 [main] INFO  springfox.documentation.spring.web.readers.operation.CachingOperationNameGenerator - Generating unique operation named: introduceUsingTRACE_1
2025-03-31 21:15:30.456 [main] INFO  springfox.documentation.spring.web.readers.operation.CachingOperationNameGenerator - Generating unique operation named: getInfoUsingGET_3
2025-03-31 21:15:30.457 [main] INFO  springfox.documentation.spring.web.readers.operation.CachingOperationNameGenerator - Generating unique operation named: addUsingGET_2
2025-03-31 21:15:30.458 [main] INFO  springfox.documentation.spring.web.readers.operation.CachingOperationNameGenerator - Generating unique operation named: indexUsingGET_4
2025-03-31 21:15:30.460 [main] INFO  springfox.documentation.spring.web.readers.operation.CachingOperationNameGenerator - Generating unique operation named: updateUsingGET_2
2025-03-31 21:15:30.489 [main] INFO  springfox.documentation.spring.web.readers.operation.CachingOperationNameGenerator - Generating unique operation named: indexUsingGET_5
2025-03-31 21:15:30.494 [main] INFO  springfox.documentation.spring.web.readers.operation.CachingOperationNameGenerator - Generating unique operation named: listFriendUrlUsingGET_2
2025-03-31 21:15:30.504 [main] INFO  springfox.documentation.spring.web.readers.operation.CachingOperationNameGenerator - Generating unique operation named: updateUserUsingPOST_1
2025-03-31 21:15:30.514 [main] INFO  springfox.documentation.spring.web.readers.operation.CachingOperationNameGenerator - Generating unique operation named: userLoginUsingPOST_2
2025-03-31 21:15:30.522 [main] INFO  springfox.documentation.spring.web.readers.operation.CachingOperationNameGenerator - Generating unique operation named: addRoleUsingPOST_1
2025-03-31 21:15:30.527 [main] INFO  springfox.documentation.spring.web.readers.operation.CachingOperationNameGenerator - Generating unique operation named: updateRoleUsingPOST_1
2025-03-31 21:15:30.535 [main] INFO  springfox.documentation.spring.web.readers.operation.CachingOperationNameGenerator - Generating unique operation named: addUsingPOST_3
2025-03-31 21:15:30.536 [main] INFO  springfox.documentation.spring.web.readers.operation.CachingOperationNameGenerator - Generating unique operation named: editUsingPUT_3
2025-03-31 21:15:30.540 [main] INFO  springfox.documentation.spring.web.readers.operation.CachingOperationNameGenerator - Generating unique operation named: exportUsingPOST_3
2025-03-31 21:15:30.541 [main] INFO  springfox.documentation.spring.web.readers.operation.CachingOperationNameGenerator - Generating unique operation named: getInfoUsingGET_4
2025-03-31 21:15:30.542 [main] INFO  springfox.documentation.spring.web.readers.operation.CachingOperationNameGenerator - Generating unique operation named: listUsingGET_3
2025-03-31 21:15:30.545 [main] INFO  springfox.documentation.spring.web.readers.operation.CachingOperationNameGenerator - Generating unique operation named: removeUsingDELETE_3
2025-03-31 21:15:31.173 [main] INFO  org.springframework.scheduling.annotation.ScheduledAnnotationBeanPostProcessor - No TaskScheduler/ScheduledExecutorService bean found for scheduled processing
2025-03-31 21:15:31.181 [main] INFO  org.apache.coyote.http11.Http11NioProtocol - Starting ProtocolHandler ["http-nio-8090"]
2025-03-31 21:15:31.197 [main] INFO  org.springframework.boot.web.embedded.tomcat.TomcatWebServer - Tomcat started on port(s): 8090 (http) with context path ''
2025-03-31 21:15:31.200 [main] INFO  com.thyme.ThymeBootApplication - Started ThymeBootApplication in 11.752 seconds (JVM running for 12.825)
2025-03-31 21:31:16.462 [http-nio-8090-exec-1] INFO  org.apache.catalina.core.ContainerBase.[Tomcat].[localhost].[/] - Initializing Spring DispatcherServlet 'dispatcherServlet'
2025-03-31 21:31:16.462 [http-nio-8090-exec-1] INFO  org.springframework.web.servlet.DispatcherServlet - Initializing Servlet 'dispatcherServlet'
2025-03-31 21:31:16.473 [http-nio-8090-exec-1] INFO  org.springframework.web.servlet.DispatcherServlet - Completed initialization in 10 ms
