2025-04-16 00:13:28.360 [main] INFO  com.thyme.ThymeBootApplication - Starting ThymeBootApplication on WIN-20241213WSP with PID 22168 (started by Administrator in C:\Users\Administrator\Documents\WeChat Files\kiok1210\FileStorage\File\2025-04\jianzhi-github)
2025-04-16 00:13:28.374 [main] INFO  com.thyme.ThymeBootApplication - The following profiles are active: dev
2025-04-16 00:13:30.172 [main] INFO  org.springframework.data.repository.config.RepositoryConfigurationDelegate - Multiple Spring Data modules found, entering strict repository configuration mode!
2025-04-16 00:13:30.177 [main] INFO  org.springframework.data.repository.config.RepositoryConfigurationDelegate - Bootstrapping Spring Data repositories in DEFAULT mode.
2025-04-16 00:13:30.324 [main] INFO  org.springframework.data.repository.config.RepositoryConfigurationDelegate - Finished Spring Data repository scanning in 131ms. Found 0 repository interfaces.
2025-04-16 00:13:30.909 [main] INFO  org.springframework.context.support.PostProcessorRegistrationDelegate$BeanPostProcessorChecker - Bean 'redisConfig' of type [com.thyme.system.config.RedisConfig$$EnhancerBySpringCGLIB$$9b685a02] is not eligible for getting processed by all BeanPostProcessors (for example: not eligible for auto-proxying)
2025-04-16 00:13:30.935 [main] INFO  org.springframework.context.support.PostProcessorRegistrationDelegate$BeanPostProcessorChecker - Bean 'org.springframework.security.config.annotation.configuration.ObjectPostProcessorConfiguration' of type [org.springframework.security.config.annotation.configuration.ObjectPostProcessorConfiguration$$EnhancerBySpringCGLIB$$b35912e5] is not eligible for getting processed by all BeanPostProcessors (for example: not eligible for auto-proxying)
2025-04-16 00:13:30.947 [main] INFO  org.springframework.context.support.PostProcessorRegistrationDelegate$BeanPostProcessorChecker - Bean 'org.springframework.transaction.annotation.ProxyTransactionManagementConfiguration' of type [org.springframework.transaction.annotation.ProxyTransactionManagementConfiguration$$EnhancerBySpringCGLIB$$1aab4aab] is not eligible for getting processed by all BeanPostProcessors (for example: not eligible for auto-proxying)
2025-04-16 00:13:30.975 [main] INFO  org.springframework.context.support.PostProcessorRegistrationDelegate$BeanPostProcessorChecker - Bean 'objectPostProcessor' of type [org.springframework.security.config.annotation.configuration.AutowireBeanFactoryObjectPostProcessor] is not eligible for getting processed by all BeanPostProcessors (for example: not eligible for auto-proxying)
2025-04-16 00:13:30.977 [main] INFO  org.springframework.context.support.PostProcessorRegistrationDelegate$BeanPostProcessorChecker - Bean 'org.springframework.security.access.expression.method.DefaultMethodSecurityExpressionHandler@da34eb0' of type [org.springframework.security.access.expression.method.DefaultMethodSecurityExpressionHandler] is not eligible for getting processed by all BeanPostProcessors (for example: not eligible for auto-proxying)
2025-04-16 00:13:30.980 [main] INFO  org.springframework.context.support.PostProcessorRegistrationDelegate$BeanPostProcessorChecker - Bean 'org.springframework.security.config.annotation.method.configuration.GlobalMethodSecurityConfiguration' of type [org.springframework.security.config.annotation.method.configuration.GlobalMethodSecurityConfiguration$$EnhancerBySpringCGLIB$$d82db597] is not eligible for getting processed by all BeanPostProcessors (for example: not eligible for auto-proxying)
2025-04-16 00:13:30.984 [main] INFO  org.springframework.context.support.PostProcessorRegistrationDelegate$BeanPostProcessorChecker - Bean 'methodSecurityMetadataSource' of type [org.springframework.security.access.method.DelegatingMethodSecurityMetadataSource] is not eligible for getting processed by all BeanPostProcessors (for example: not eligible for auto-proxying)
2025-04-16 00:13:31.601 [main] INFO  org.springframework.boot.web.embedded.tomcat.TomcatWebServer - Tomcat initialized with port(s): 8084 (http)
2025-04-16 00:13:31.622 [main] INFO  org.apache.coyote.http11.Http11NioProtocol - Initializing ProtocolHandler ["http-nio-8084"]
2025-04-16 00:13:31.633 [main] INFO  org.apache.catalina.core.StandardService - Starting service [Tomcat]
2025-04-16 00:13:31.634 [main] INFO  org.apache.catalina.core.StandardEngine - Starting Servlet engine: [Apache Tomcat/9.0.19]
2025-04-16 00:13:31.818 [main] INFO  org.apache.catalina.core.ContainerBase.[Tomcat].[localhost].[/] - Initializing Spring embedded WebApplicationContext
2025-04-16 00:13:31.818 [main] INFO  org.springframework.web.context.ContextLoader - Root WebApplicationContext: initialization completed in 3394 ms
2025-04-16 00:13:32.783 [main] INFO  com.alibaba.druid.spring.boot.autoconfigure.DruidDataSourceAutoConfigure - Init DruidDataSource
2025-04-16 00:13:33.065 [main] INFO  com.alibaba.druid.pool.DruidDataSource - {dataSource-1} inited
2025-04-16 00:13:34.085 [main] WARN  com.baomidou.mybatisplus.core.toolkit.TableInfoHelper - Warn: Could not find @TableId in Class: com.thyme.recruit.domain.Notice.
2025-04-16 00:13:34.828 [main] INFO  com.thyme.system.config.filter.XssFilter - 初始化XssFilter过滤器....
2025-04-16 00:13:35.269 [main] WARN  com.baomidou.mybatisplus.core.toolkit.TableInfoHelper - Warn: Could not find @TableId in Class: com.thyme.system.entity.SysMenuRole.
2025-04-16 00:13:35.328 [main] WARN  com.baomidou.mybatisplus.core.toolkit.TableInfoHelper - Warn: Could not find @TableId in Class: com.thyme.system.entity.SysUserRole.
2025-04-16 00:13:35.770 [main] INFO  org.springframework.boot.actuate.endpoint.web.EndpointLinksResolver - Exposing 3 endpoint(s) beneath base path '/actuator'
2025-04-16 00:13:35.896 [main] INFO  springfox.documentation.spring.web.PropertySourcedRequestMappingHandlerMapping - Mapped URL path [/v2/api-docs] onto method [public org.springframework.http.ResponseEntity<springfox.documentation.spring.web.json.Json> springfox.documentation.swagger2.web.Swagger2Controller.getDocumentation(java.lang.String,javax.servlet.http.HttpServletRequest)]
2025-04-16 00:13:35.913 [main] INFO  com.thyme.system.config.RedisConfig - 初始化 -> [Redis CacheErrorHandler]
2025-04-16 00:13:36.079 [main] INFO  org.springframework.security.web.DefaultSecurityFilterChain - Creating filter chain: any request, [org.springframework.security.web.context.request.async.WebAsyncManagerIntegrationFilter@31f96cf, org.springframework.security.web.context.SecurityContextPersistenceFilter@4822fc53, org.springframework.security.web.header.HeaderWriterFilter@5e08ed28, org.springframework.security.web.authentication.logout.LogoutFilter@67c912d3, org.springframework.security.web.savedrequest.RequestCacheAwareFilter@6db84cae, org.springframework.security.web.servletapi.SecurityContextHolderAwareRequestFilter@69e58566, org.springframework.security.web.authentication.AnonymousAuthenticationFilter@3dc5eb8f, org.springframework.security.web.session.SessionManagementFilter@34d6e9a4, org.springframework.security.web.access.ExceptionTranslationFilter@78fd1179, org.springframework.security.web.access.intercept.FilterSecurityInterceptor@5f92e5eb]
2025-04-16 00:13:36.089 [main] INFO  org.springframework.security.web.DefaultSecurityFilterChain - Creating filter chain: any request, [org.springframework.security.web.context.request.async.WebAsyncManagerIntegrationFilter@3d273300, org.springframework.security.web.context.SecurityContextPersistenceFilter@5fc76532, org.springframework.security.web.header.HeaderWriterFilter@763a72da, org.springframework.security.web.csrf.CsrfFilter@281a54b, org.springframework.security.web.authentication.logout.LogoutFilter@47bae235, org.springframework.security.web.authentication.UsernamePasswordAuthenticationFilter@ab11e76, org.springframework.security.web.authentication.ui.DefaultLoginPageGeneratingFilter@42c9c0a1, org.springframework.security.web.authentication.ui.DefaultLogoutPageGeneratingFilter@3fe7c87c, org.springframework.security.web.authentication.www.BasicAuthenticationFilter@69d6fe75, org.springframework.security.web.savedrequest.RequestCacheAwareFilter@2e268c19, org.springframework.security.web.servletapi.SecurityContextHolderAwareRequestFilter@baf87a5, org.springframework.security.web.authentication.AnonymousAuthenticationFilter@5c04685, org.springframework.security.web.session.SessionManagementFilter@50e32998, org.springframework.security.web.access.ExceptionTranslationFilter@5a457aa1, org.springframework.security.web.access.intercept.FilterSecurityInterceptor@318ca53a]
2025-04-16 00:13:36.302 [main] INFO  org.springframework.scheduling.concurrent.ThreadPoolTaskExecutor - Initializing ExecutorService 'applicationTaskExecutor'
2025-04-16 00:13:36.492 [main] INFO  org.springframework.boot.autoconfigure.web.servlet.WelcomePageHandlerMapping - Adding welcome page template: index
2025-04-16 00:13:36.964 [main] INFO  io.lettuce.core.EpollProvider - Starting without optional epoll library
2025-04-16 00:13:36.966 [main] INFO  io.lettuce.core.KqueueProvider - Starting without optional kqueue library
2025-04-16 00:13:37.898 [main] INFO  springfox.documentation.spring.web.plugins.DocumentationPluginsBootstrapper - Context refreshed
2025-04-16 00:13:37.940 [main] INFO  springfox.documentation.spring.web.plugins.DocumentationPluginsBootstrapper - Found 1 custom documentation plugin(s)
2025-04-16 00:13:38.056 [main] INFO  springfox.documentation.spring.web.scanners.ApiListingReferenceScanner - Scanning for api listing references
2025-04-16 00:13:38.479 [main] INFO  springfox.documentation.spring.web.readers.operation.CachingOperationNameGenerator - Generating unique operation named: delPositionUsingPOST_1
2025-04-16 00:13:38.491 [main] INFO  springfox.documentation.spring.web.readers.operation.CachingOperationNameGenerator - Generating unique operation named: listFriendUrlUsingGET_1
2025-04-16 00:13:38.501 [main] INFO  springfox.documentation.spring.web.readers.operation.CachingOperationNameGenerator - Generating unique operation named: showPositionUsingGET_1
2025-04-16 00:13:38.513 [main] INFO  springfox.documentation.spring.web.readers.operation.CachingOperationNameGenerator - Generating unique operation named: updatePwdUsingPOST_1
2025-04-16 00:13:38.533 [main] INFO  springfox.documentation.spring.web.readers.operation.CachingOperationNameGenerator - Generating unique operation named: userLoginUsingPOST_1
2025-04-16 00:13:38.541 [main] INFO  springfox.documentation.spring.web.readers.operation.CachingOperationNameGenerator - Generating unique operation named: indexUsingGET_1
2025-04-16 00:13:38.569 [main] INFO  springfox.documentation.spring.web.readers.operation.CachingOperationNameGenerator - Generating unique operation named: exportUsingPOST_1
2025-04-16 00:13:38.599 [main] INFO  springfox.documentation.spring.web.readers.operation.CachingOperationNameGenerator - Generating unique operation named: exportUsingPOST_2
2025-04-16 00:13:38.600 [main] INFO  springfox.documentation.spring.web.readers.operation.CachingOperationNameGenerator - Generating unique operation named: getInfoUsingGET_1
2025-04-16 00:13:38.605 [main] INFO  springfox.documentation.spring.web.readers.operation.CachingOperationNameGenerator - Generating unique operation named: listUsingGET_1
2025-04-16 00:13:38.612 [main] INFO  springfox.documentation.spring.web.readers.operation.CachingOperationNameGenerator - Generating unique operation named: handleUsingGET_1
2025-04-16 00:13:38.614 [main] INFO  springfox.documentation.spring.web.readers.operation.CachingOperationNameGenerator - Generating unique operation named: handleUsingGET_2
2025-04-16 00:13:38.615 [main] INFO  springfox.documentation.spring.web.readers.operation.CachingOperationNameGenerator - Generating unique operation named: handleUsingGET_3
2025-04-16 00:13:38.616 [main] INFO  springfox.documentation.spring.web.readers.operation.CachingOperationNameGenerator - Generating unique operation named: handleUsingGET_4
2025-04-16 00:13:38.617 [main] INFO  springfox.documentation.spring.web.readers.operation.CachingOperationNameGenerator - Generating unique operation named: addUsingGET_1
2025-04-16 00:13:38.618 [main] INFO  springfox.documentation.spring.web.readers.operation.CachingOperationNameGenerator - Generating unique operation named: indexUsingGET_2
2025-04-16 00:13:38.620 [main] INFO  springfox.documentation.spring.web.readers.operation.CachingOperationNameGenerator - Generating unique operation named: updateUsingGET_1
2025-04-16 00:13:38.632 [main] INFO  springfox.documentation.spring.web.readers.operation.CachingOperationNameGenerator - Generating unique operation named: indexUsingGET_3
2025-04-16 00:13:38.634 [main] INFO  springfox.documentation.spring.web.readers.operation.CachingOperationNameGenerator - Generating unique operation named: getMenulistUsingGET_1
2025-04-16 00:13:38.635 [main] INFO  springfox.documentation.spring.web.readers.operation.CachingOperationNameGenerator - Generating unique operation named: introduceUsingGET_1
2025-04-16 00:13:38.636 [main] INFO  springfox.documentation.spring.web.readers.operation.CachingOperationNameGenerator - Generating unique operation named: introduceUsingHEAD_1
2025-04-16 00:13:38.636 [main] INFO  springfox.documentation.spring.web.readers.operation.CachingOperationNameGenerator - Generating unique operation named: introduceUsingPOST_1
2025-04-16 00:13:38.637 [main] INFO  springfox.documentation.spring.web.readers.operation.CachingOperationNameGenerator - Generating unique operation named: introduceUsingPUT_1
2025-04-16 00:13:38.637 [main] INFO  springfox.documentation.spring.web.readers.operation.CachingOperationNameGenerator - Generating unique operation named: introduceUsingPATCH_1
2025-04-16 00:13:38.637 [main] INFO  springfox.documentation.spring.web.readers.operation.CachingOperationNameGenerator - Generating unique operation named: introduceUsingDELETE_1
2025-04-16 00:13:38.638 [main] INFO  springfox.documentation.spring.web.readers.operation.CachingOperationNameGenerator - Generating unique operation named: introduceUsingOPTIONS_1
2025-04-16 00:13:38.638 [main] INFO  springfox.documentation.spring.web.readers.operation.CachingOperationNameGenerator - Generating unique operation named: introduceUsingTRACE_1
2025-04-16 00:13:38.642 [main] INFO  springfox.documentation.spring.web.readers.operation.CachingOperationNameGenerator - Generating unique operation named: getInfoUsingGET_2
2025-04-16 00:13:38.644 [main] INFO  springfox.documentation.spring.web.readers.operation.CachingOperationNameGenerator - Generating unique operation named: addUsingGET_2
2025-04-16 00:13:38.646 [main] INFO  springfox.documentation.spring.web.readers.operation.CachingOperationNameGenerator - Generating unique operation named: indexUsingGET_4
2025-04-16 00:13:38.648 [main] INFO  springfox.documentation.spring.web.readers.operation.CachingOperationNameGenerator - Generating unique operation named: updateUsingGET_2
2025-04-16 00:13:38.679 [main] INFO  springfox.documentation.spring.web.readers.operation.CachingOperationNameGenerator - Generating unique operation named: indexUsingGET_5
2025-04-16 00:13:38.684 [main] INFO  springfox.documentation.spring.web.readers.operation.CachingOperationNameGenerator - Generating unique operation named: listFriendUrlUsingGET_2
2025-04-16 00:13:38.693 [main] INFO  springfox.documentation.spring.web.readers.operation.CachingOperationNameGenerator - Generating unique operation named: updateUserUsingPOST_1
2025-04-16 00:13:38.702 [main] INFO  springfox.documentation.spring.web.readers.operation.CachingOperationNameGenerator - Generating unique operation named: userLoginUsingPOST_2
2025-04-16 00:13:38.711 [main] INFO  springfox.documentation.spring.web.readers.operation.CachingOperationNameGenerator - Generating unique operation named: addRoleUsingPOST_1
2025-04-16 00:13:38.715 [main] INFO  springfox.documentation.spring.web.readers.operation.CachingOperationNameGenerator - Generating unique operation named: updateRoleUsingPOST_1
2025-04-16 00:13:38.725 [main] INFO  springfox.documentation.spring.web.readers.operation.CachingOperationNameGenerator - Generating unique operation named: exportUsingPOST_3
2025-04-16 00:13:39.348 [main] INFO  org.springframework.scheduling.annotation.ScheduledAnnotationBeanPostProcessor - No TaskScheduler/ScheduledExecutorService bean found for scheduled processing
2025-04-16 00:13:39.357 [main] INFO  org.apache.coyote.http11.Http11NioProtocol - Starting ProtocolHandler ["http-nio-8084"]
2025-04-16 00:13:39.374 [main] INFO  org.springframework.boot.web.embedded.tomcat.TomcatWebServer - Tomcat started on port(s): 8084 (http) with context path ''
2025-04-16 00:13:39.377 [main] INFO  com.thyme.ThymeBootApplication - Started ThymeBootApplication in 11.662 seconds (JVM running for 12.668)
2025-04-16 00:13:41.070 [http-nio-8084-exec-1] INFO  org.apache.catalina.core.ContainerBase.[Tomcat].[localhost].[/] - Initializing Spring DispatcherServlet 'dispatcherServlet'
2025-04-16 00:13:41.071 [http-nio-8084-exec-1] INFO  org.springframework.web.servlet.DispatcherServlet - Initializing Servlet 'dispatcherServlet'
2025-04-16 00:13:41.080 [http-nio-8084-exec-1] INFO  org.springframework.web.servlet.DispatcherServlet - Completed initialization in 9 ms
2025-04-16 00:15:20.399 [Thread-7] INFO  org.springframework.scheduling.concurrent.ThreadPoolTaskExecutor - Shutting down ExecutorService 'applicationTaskExecutor'
2025-04-16 00:15:20.415 [Thread-7] INFO  com.alibaba.druid.pool.DruidDataSource - {dataSource-1} closed
