2025-04-15 23:48:13.175 [main] INFO  com.thyme.ThymeBootApplication - Starting ThymeBootApplication on WIN-20241213WSP with PID 21308 (started by Administrator in C:\Users\Administrator\Documents\WeChat Files\kiok1210\FileStorage\File\2025-04\jianzhi-github)
2025-04-15 23:48:13.189 [main] INFO  com.thyme.ThymeBootApplication - The following profiles are active: dev
2025-04-15 23:48:15.018 [main] INFO  org.springframework.data.repository.config.RepositoryConfigurationDelegate - Multiple Spring Data modules found, entering strict repository configuration mode!
2025-04-15 23:48:15.025 [main] INFO  org.springframework.data.repository.config.RepositoryConfigurationDelegate - Bootstrapping Spring Data repositories in DEFAULT mode.
2025-04-15 23:48:15.165 [main] INFO  org.springframework.data.repository.config.RepositoryConfigurationDelegate - Finished Spring Data repository scanning in 125ms. Found 0 repository interfaces.
2025-04-15 23:48:15.746 [main] INFO  org.springframework.context.support.PostProcessorRegistrationDelegate$BeanPostProcessorChecker - Bean 'redisConfig' of type [com.thyme.system.config.RedisConfig$$EnhancerBySpringCGLIB$$666973db] is not eligible for getting processed by all BeanPostProcessors (for example: not eligible for auto-proxying)
2025-04-15 23:48:15.778 [main] INFO  org.springframework.context.support.PostProcessorRegistrationDelegate$BeanPostProcessorChecker - Bean 'org.springframework.security.config.annotation.configuration.ObjectPostProcessorConfiguration' of type [org.springframework.security.config.annotation.configuration.ObjectPostProcessorConfiguration$$EnhancerBySpringCGLIB$$7e5a2cbe] is not eligible for getting processed by all BeanPostProcessors (for example: not eligible for auto-proxying)
2025-04-15 23:48:15.791 [main] INFO  org.springframework.context.support.PostProcessorRegistrationDelegate$BeanPostProcessorChecker - Bean 'org.springframework.transaction.annotation.ProxyTransactionManagementConfiguration' of type [org.springframework.transaction.annotation.ProxyTransactionManagementConfiguration$$EnhancerBySpringCGLIB$$e5ac6484] is not eligible for getting processed by all BeanPostProcessors (for example: not eligible for auto-proxying)
2025-04-15 23:48:15.823 [main] INFO  org.springframework.context.support.PostProcessorRegistrationDelegate$BeanPostProcessorChecker - Bean 'objectPostProcessor' of type [org.springframework.security.config.annotation.configuration.AutowireBeanFactoryObjectPostProcessor] is not eligible for getting processed by all BeanPostProcessors (for example: not eligible for auto-proxying)
2025-04-15 23:48:15.825 [main] INFO  org.springframework.context.support.PostProcessorRegistrationDelegate$BeanPostProcessorChecker - Bean 'org.springframework.security.access.expression.method.DefaultMethodSecurityExpressionHandler@18e4551' of type [org.springframework.security.access.expression.method.DefaultMethodSecurityExpressionHandler] is not eligible for getting processed by all BeanPostProcessors (for example: not eligible for auto-proxying)
2025-04-15 23:48:15.829 [main] INFO  org.springframework.context.support.PostProcessorRegistrationDelegate$BeanPostProcessorChecker - Bean 'org.springframework.security.config.annotation.method.configuration.GlobalMethodSecurityConfiguration' of type [org.springframework.security.config.annotation.method.configuration.GlobalMethodSecurityConfiguration$$EnhancerBySpringCGLIB$$a32ecf70] is not eligible for getting processed by all BeanPostProcessors (for example: not eligible for auto-proxying)
2025-04-15 23:48:15.832 [main] INFO  org.springframework.context.support.PostProcessorRegistrationDelegate$BeanPostProcessorChecker - Bean 'methodSecurityMetadataSource' of type [org.springframework.security.access.method.DelegatingMethodSecurityMetadataSource] is not eligible for getting processed by all BeanPostProcessors (for example: not eligible for auto-proxying)
2025-04-15 23:48:16.436 [main] INFO  org.springframework.boot.web.embedded.tomcat.TomcatWebServer - Tomcat initialized with port(s): 8084 (http)
2025-04-15 23:48:16.455 [main] INFO  org.apache.coyote.http11.Http11NioProtocol - Initializing ProtocolHandler ["http-nio-8084"]
2025-04-15 23:48:16.466 [main] INFO  org.apache.catalina.core.StandardService - Starting service [Tomcat]
2025-04-15 23:48:16.467 [main] INFO  org.apache.catalina.core.StandardEngine - Starting Servlet engine: [Apache Tomcat/9.0.19]
2025-04-15 23:48:16.652 [main] INFO  org.apache.catalina.core.ContainerBase.[Tomcat].[localhost].[/] - Initializing Spring embedded WebApplicationContext
2025-04-15 23:48:16.652 [main] INFO  org.springframework.web.context.ContextLoader - Root WebApplicationContext: initialization completed in 3410 ms
2025-04-15 23:48:17.634 [main] INFO  com.alibaba.druid.spring.boot.autoconfigure.DruidDataSourceAutoConfigure - Init DruidDataSource
2025-04-15 23:48:17.908 [main] INFO  com.alibaba.druid.pool.DruidDataSource - {dataSource-1} inited
2025-04-15 23:48:18.932 [main] WARN  com.baomidou.mybatisplus.core.toolkit.TableInfoHelper - Warn: Could not find @TableId in Class: com.thyme.recruit.domain.Notice.
2025-04-15 23:48:19.656 [main] INFO  com.thyme.system.config.filter.XssFilter - 初始化XssFilter过滤器....
2025-04-15 23:48:20.099 [main] WARN  com.baomidou.mybatisplus.core.toolkit.TableInfoHelper - Warn: Could not find @TableId in Class: com.thyme.system.entity.SysMenuRole.
2025-04-15 23:48:20.155 [main] WARN  com.baomidou.mybatisplus.core.toolkit.TableInfoHelper - Warn: Could not find @TableId in Class: com.thyme.system.entity.SysUserRole.
2025-04-15 23:48:20.619 [main] INFO  org.springframework.boot.actuate.endpoint.web.EndpointLinksResolver - Exposing 3 endpoint(s) beneath base path '/actuator'
2025-04-15 23:48:20.754 [main] INFO  springfox.documentation.spring.web.PropertySourcedRequestMappingHandlerMapping - Mapped URL path [/v2/api-docs] onto method [public org.springframework.http.ResponseEntity<springfox.documentation.spring.web.json.Json> springfox.documentation.swagger2.web.Swagger2Controller.getDocumentation(java.lang.String,javax.servlet.http.HttpServletRequest)]
2025-04-15 23:48:20.774 [main] INFO  com.thyme.system.config.RedisConfig - 初始化 -> [Redis CacheErrorHandler]
2025-04-15 23:48:20.934 [main] INFO  org.springframework.security.web.DefaultSecurityFilterChain - Creating filter chain: any request, [org.springframework.security.web.context.request.async.WebAsyncManagerIntegrationFilter@3e7940b3, org.springframework.security.web.context.SecurityContextPersistenceFilter@66075347, org.springframework.security.web.header.HeaderWriterFilter@1c0ec502, org.springframework.security.web.authentication.logout.LogoutFilter@650d5a3d, org.springframework.security.web.savedrequest.RequestCacheAwareFilter@7927209f, org.springframework.security.web.servletapi.SecurityContextHolderAwareRequestFilter@2e549515, org.springframework.security.web.authentication.AnonymousAuthenticationFilter@1ae37be2, org.springframework.security.web.session.SessionManagementFilter@6a450cb5, org.springframework.security.web.access.ExceptionTranslationFilter@e00c94e, org.springframework.security.web.access.intercept.FilterSecurityInterceptor@4f93303f]
2025-04-15 23:48:20.943 [main] INFO  org.springframework.security.web.DefaultSecurityFilterChain - Creating filter chain: any request, [org.springframework.security.web.context.request.async.WebAsyncManagerIntegrationFilter@52ec5ba6, org.springframework.security.web.context.SecurityContextPersistenceFilter@79fbcef4, org.springframework.security.web.header.HeaderWriterFilter@39d44217, org.springframework.security.web.csrf.CsrfFilter@318f47f1, org.springframework.security.web.authentication.logout.LogoutFilter@3d00c2ae, org.springframework.security.web.authentication.UsernamePasswordAuthenticationFilter@1d921267, org.springframework.security.web.authentication.ui.DefaultLoginPageGeneratingFilter@5b5f06bb, org.springframework.security.web.authentication.ui.DefaultLogoutPageGeneratingFilter@5f606ab6, org.springframework.security.web.authentication.www.BasicAuthenticationFilter@684a34f4, org.springframework.security.web.savedrequest.RequestCacheAwareFilter@770be0d0, org.springframework.security.web.servletapi.SecurityContextHolderAwareRequestFilter@6c54d0dc, org.springframework.security.web.authentication.AnonymousAuthenticationFilter@384cd83a, org.springframework.security.web.session.SessionManagementFilter@3280a79a, org.springframework.security.web.access.ExceptionTranslationFilter@900ffc4, org.springframework.security.web.access.intercept.FilterSecurityInterceptor@50ad5625]
2025-04-15 23:48:21.151 [main] INFO  org.springframework.scheduling.concurrent.ThreadPoolTaskExecutor - Initializing ExecutorService 'applicationTaskExecutor'
2025-04-15 23:48:21.353 [main] INFO  org.springframework.boot.autoconfigure.web.servlet.WelcomePageHandlerMapping - Adding welcome page template: index
2025-04-15 23:48:21.865 [main] INFO  io.lettuce.core.EpollProvider - Starting without optional epoll library
2025-04-15 23:48:21.869 [main] INFO  io.lettuce.core.KqueueProvider - Starting without optional kqueue library
2025-04-15 23:48:22.838 [main] INFO  springfox.documentation.spring.web.plugins.DocumentationPluginsBootstrapper - Context refreshed
2025-04-15 23:48:22.880 [main] INFO  springfox.documentation.spring.web.plugins.DocumentationPluginsBootstrapper - Found 1 custom documentation plugin(s)
2025-04-15 23:48:22.952 [main] INFO  springfox.documentation.spring.web.scanners.ApiListingReferenceScanner - Scanning for api listing references
2025-04-15 23:48:23.369 [main] INFO  springfox.documentation.spring.web.readers.operation.CachingOperationNameGenerator - Generating unique operation named: delPositionUsingPOST_1
2025-04-15 23:48:23.380 [main] INFO  springfox.documentation.spring.web.readers.operation.CachingOperationNameGenerator - Generating unique operation named: listFriendUrlUsingGET_1
2025-04-15 23:48:23.391 [main] INFO  springfox.documentation.spring.web.readers.operation.CachingOperationNameGenerator - Generating unique operation named: showPositionUsingGET_1
2025-04-15 23:48:23.401 [main] INFO  springfox.documentation.spring.web.readers.operation.CachingOperationNameGenerator - Generating unique operation named: updatePwdUsingPOST_1
2025-04-15 23:48:23.417 [main] INFO  springfox.documentation.spring.web.readers.operation.CachingOperationNameGenerator - Generating unique operation named: userLoginUsingPOST_1
2025-04-15 23:48:23.424 [main] INFO  springfox.documentation.spring.web.readers.operation.CachingOperationNameGenerator - Generating unique operation named: indexUsingGET_1
2025-04-15 23:48:23.449 [main] INFO  springfox.documentation.spring.web.readers.operation.CachingOperationNameGenerator - Generating unique operation named: exportUsingPOST_1
2025-04-15 23:48:23.473 [main] INFO  springfox.documentation.spring.web.readers.operation.CachingOperationNameGenerator - Generating unique operation named: exportUsingPOST_2
2025-04-15 23:48:23.475 [main] INFO  springfox.documentation.spring.web.readers.operation.CachingOperationNameGenerator - Generating unique operation named: getInfoUsingGET_1
2025-04-15 23:48:23.478 [main] INFO  springfox.documentation.spring.web.readers.operation.CachingOperationNameGenerator - Generating unique operation named: listUsingGET_1
2025-04-15 23:48:23.485 [main] INFO  springfox.documentation.spring.web.readers.operation.CachingOperationNameGenerator - Generating unique operation named: handleUsingGET_1
2025-04-15 23:48:23.486 [main] INFO  springfox.documentation.spring.web.readers.operation.CachingOperationNameGenerator - Generating unique operation named: handleUsingGET_2
2025-04-15 23:48:23.487 [main] INFO  springfox.documentation.spring.web.readers.operation.CachingOperationNameGenerator - Generating unique operation named: handleUsingGET_3
2025-04-15 23:48:23.488 [main] INFO  springfox.documentation.spring.web.readers.operation.CachingOperationNameGenerator - Generating unique operation named: handleUsingGET_4
2025-04-15 23:48:23.489 [main] INFO  springfox.documentation.spring.web.readers.operation.CachingOperationNameGenerator - Generating unique operation named: addUsingGET_1
2025-04-15 23:48:23.489 [main] INFO  springfox.documentation.spring.web.readers.operation.CachingOperationNameGenerator - Generating unique operation named: indexUsingGET_2
2025-04-15 23:48:23.492 [main] INFO  springfox.documentation.spring.web.readers.operation.CachingOperationNameGenerator - Generating unique operation named: updateUsingGET_1
2025-04-15 23:48:23.509 [main] INFO  springfox.documentation.spring.web.readers.operation.CachingOperationNameGenerator - Generating unique operation named: indexUsingGET_3
2025-04-15 23:48:23.512 [main] INFO  springfox.documentation.spring.web.readers.operation.CachingOperationNameGenerator - Generating unique operation named: getMenulistUsingGET_1
2025-04-15 23:48:23.514 [main] INFO  springfox.documentation.spring.web.readers.operation.CachingOperationNameGenerator - Generating unique operation named: introduceUsingGET_1
2025-04-15 23:48:23.515 [main] INFO  springfox.documentation.spring.web.readers.operation.CachingOperationNameGenerator - Generating unique operation named: introduceUsingHEAD_1
2025-04-15 23:48:23.515 [main] INFO  springfox.documentation.spring.web.readers.operation.CachingOperationNameGenerator - Generating unique operation named: introduceUsingPOST_1
2025-04-15 23:48:23.516 [main] INFO  springfox.documentation.spring.web.readers.operation.CachingOperationNameGenerator - Generating unique operation named: introduceUsingPUT_1
2025-04-15 23:48:23.516 [main] INFO  springfox.documentation.spring.web.readers.operation.CachingOperationNameGenerator - Generating unique operation named: introduceUsingPATCH_1
2025-04-15 23:48:23.517 [main] INFO  springfox.documentation.spring.web.readers.operation.CachingOperationNameGenerator - Generating unique operation named: introduceUsingDELETE_1
2025-04-15 23:48:23.517 [main] INFO  springfox.documentation.spring.web.readers.operation.CachingOperationNameGenerator - Generating unique operation named: introduceUsingOPTIONS_1
2025-04-15 23:48:23.518 [main] INFO  springfox.documentation.spring.web.readers.operation.CachingOperationNameGenerator - Generating unique operation named: introduceUsingTRACE_1
2025-04-15 23:48:23.522 [main] INFO  springfox.documentation.spring.web.readers.operation.CachingOperationNameGenerator - Generating unique operation named: getInfoUsingGET_2
2025-04-15 23:48:23.523 [main] INFO  springfox.documentation.spring.web.readers.operation.CachingOperationNameGenerator - Generating unique operation named: addUsingGET_2
2025-04-15 23:48:23.525 [main] INFO  springfox.documentation.spring.web.readers.operation.CachingOperationNameGenerator - Generating unique operation named: indexUsingGET_4
2025-04-15 23:48:23.529 [main] INFO  springfox.documentation.spring.web.readers.operation.CachingOperationNameGenerator - Generating unique operation named: updateUsingGET_2
2025-04-15 23:48:23.572 [main] INFO  springfox.documentation.spring.web.readers.operation.CachingOperationNameGenerator - Generating unique operation named: indexUsingGET_5
2025-04-15 23:48:23.578 [main] INFO  springfox.documentation.spring.web.readers.operation.CachingOperationNameGenerator - Generating unique operation named: listFriendUrlUsingGET_2
2025-04-15 23:48:23.588 [main] INFO  springfox.documentation.spring.web.readers.operation.CachingOperationNameGenerator - Generating unique operation named: updateUserUsingPOST_1
2025-04-15 23:48:23.597 [main] INFO  springfox.documentation.spring.web.readers.operation.CachingOperationNameGenerator - Generating unique operation named: userLoginUsingPOST_2
2025-04-15 23:48:23.607 [main] INFO  springfox.documentation.spring.web.readers.operation.CachingOperationNameGenerator - Generating unique operation named: addRoleUsingPOST_1
2025-04-15 23:48:23.611 [main] INFO  springfox.documentation.spring.web.readers.operation.CachingOperationNameGenerator - Generating unique operation named: updateRoleUsingPOST_1
2025-04-15 23:48:23.619 [main] INFO  springfox.documentation.spring.web.readers.operation.CachingOperationNameGenerator - Generating unique operation named: exportUsingPOST_3
2025-04-15 23:48:24.255 [main] INFO  org.springframework.scheduling.annotation.ScheduledAnnotationBeanPostProcessor - No TaskScheduler/ScheduledExecutorService bean found for scheduled processing
2025-04-15 23:48:24.264 [main] INFO  org.apache.coyote.http11.Http11NioProtocol - Starting ProtocolHandler ["http-nio-8084"]
2025-04-15 23:48:24.281 [main] INFO  org.springframework.boot.web.embedded.tomcat.TomcatWebServer - Tomcat started on port(s): 8084 (http) with context path ''
2025-04-15 23:48:24.284 [main] INFO  com.thyme.ThymeBootApplication - Started ThymeBootApplication in 11.746 seconds (JVM running for 12.685)
2025-04-15 23:48:27.460 [http-nio-8084-exec-1] INFO  org.apache.catalina.core.ContainerBase.[Tomcat].[localhost].[/] - Initializing Spring DispatcherServlet 'dispatcherServlet'
2025-04-15 23:48:27.460 [http-nio-8084-exec-1] INFO  org.springframework.web.servlet.DispatcherServlet - Initializing Servlet 'dispatcherServlet'
2025-04-15 23:48:27.471 [http-nio-8084-exec-1] INFO  org.springframework.web.servlet.DispatcherServlet - Completed initialization in 11 ms
